DEB [20240318-19:58:21.134] thr=1   paramiko.transport: starting thread (client mode): 0x37f29250
DEB [20240318-19:58:21.134] thr=1   paramiko.transport: Local version/idstring: SSH-2.0-paramiko_3.4.0
DEB [20240318-19:58:21.142] thr=1   paramiko.transport: Remote version/idstring: SSH-2.0-OpenSSH_7.4
INF [20240318-19:58:21.143] thr=1   paramiko.transport: Connected (version 2.0, client OpenSSH_7.4)
DEB [20240318-19:58:21.144] thr=1   paramiko.transport: === Key exchange possibilities ===
DEB [20240318-19:58:21.144] thr=1   paramiko.transport: kex algos: curve25519-sha256, curve25519-sha256@libssh.org, ecdh-sha2-nistp256, ecdh-sha2-nistp384, ecdh-sha2-nistp521, diffie-hellman-group-exchange-sha256, diffie-hellman-group16-sha512, diffie-hellman-group18-sha512, diffie-hellman-group-exchange-sha1, diffie-hellman-group14-sha256, diffie-hellman-group14-sha1, diffie-hellman-group1-sha1
DEB [20240318-19:58:21.144] thr=1   paramiko.transport: server key: ssh-rsa, rsa-sha2-512, rsa-sha2-256, ecdsa-sha2-nistp256, ssh-ed25519
DEB [20240318-19:58:21.144] thr=1   paramiko.transport: client encrypt: chacha20-poly1305@openssh.com, aes128-ctr, aes192-ctr, aes256-ctr, aes128-gcm@openssh.com, aes256-gcm@openssh.com, aes128-cbc, aes192-cbc, aes256-cbc, blowfish-cbc, cast128-cbc, 3des-cbc
DEB [20240318-19:58:21.144] thr=1   paramiko.transport: server encrypt: chacha20-poly1305@openssh.com, aes128-ctr, aes192-ctr, aes256-ctr, aes128-gcm@openssh.com, aes256-gcm@openssh.com, aes128-cbc, aes192-cbc, aes256-cbc, blowfish-cbc, cast128-cbc, 3des-cbc
DEB [20240318-19:58:21.144] thr=1   paramiko.transport: client mac: umac-64-etm@openssh.com, umac-128-etm@openssh.com, hmac-sha2-256-etm@openssh.com, hmac-sha2-512-etm@openssh.com, hmac-sha1-etm@openssh.com, umac-64@openssh.com, umac-128@openssh.com, hmac-sha2-256, hmac-sha2-512, hmac-sha1
DEB [20240318-19:58:21.144] thr=1   paramiko.transport: server mac: umac-64-etm@openssh.com, umac-128-etm@openssh.com, hmac-sha2-256-etm@openssh.com, hmac-sha2-512-etm@openssh.com, hmac-sha1-etm@openssh.com, umac-64@openssh.com, umac-128@openssh.com, hmac-sha2-256, hmac-sha2-512, hmac-sha1
DEB [20240318-19:58:21.144] thr=1   paramiko.transport: client compress: none, zlib@openssh.com
DEB [20240318-19:58:21.144] thr=1   paramiko.transport: server compress: none, zlib@openssh.com
DEB [20240318-19:58:21.144] thr=1   paramiko.transport: client lang: <none>
DEB [20240318-19:58:21.144] thr=1   paramiko.transport: server lang: <none>
DEB [20240318-19:58:21.144] thr=1   paramiko.transport: kex follows: False
DEB [20240318-19:58:21.144] thr=1   paramiko.transport: === Key exchange agreements ===
DEB [20240318-19:58:21.144] thr=1   paramiko.transport: Kex: curve25519-sha256@libssh.org
DEB [20240318-19:58:21.144] thr=1   paramiko.transport: HostKey: ecdsa-sha2-nistp256
DEB [20240318-19:58:21.144] thr=1   paramiko.transport: Cipher: aes128-ctr
DEB [20240318-19:58:21.144] thr=1   paramiko.transport: MAC: hmac-sha2-256
DEB [20240318-19:58:21.144] thr=1   paramiko.transport: Compression: none
DEB [20240318-19:58:21.144] thr=1   paramiko.transport: === End of kex handshake ===
DEB [20240318-19:58:21.152] thr=1   paramiko.transport: kex engine KexCurve25519 specified hash_algo <built-in function openssl_sha256>
DEB [20240318-19:58:21.153] thr=1   paramiko.transport: Switch to new keys ...
DEB [20240318-19:58:21.154] thr=1   paramiko.transport: Got EXT_INFO: {'server-sig-algs': b'rsa-sha2-256,rsa-sha2-512'}
DEB [20240318-19:58:21.166] thr=1   paramiko.transport: EOF in transport thread
DEB [20240318-19:59:47.144] thr=1   paramiko.transport: starting thread (client mode): 0x987d90d0
DEB [20240318-19:59:47.144] thr=1   paramiko.transport: Local version/idstring: SSH-2.0-paramiko_3.4.0
DEB [20240318-19:59:47.148] thr=1   paramiko.transport: Remote version/idstring: SSH-2.0-OpenSSH_7.4
INF [20240318-19:59:47.148] thr=1   paramiko.transport: Connected (version 2.0, client OpenSSH_7.4)
DEB [20240318-19:59:47.149] thr=1   paramiko.transport: === Key exchange possibilities ===
DEB [20240318-19:59:47.150] thr=1   paramiko.transport: kex algos: curve25519-sha256, curve25519-sha256@libssh.org, ecdh-sha2-nistp256, ecdh-sha2-nistp384, ecdh-sha2-nistp521, diffie-hellman-group-exchange-sha256, diffie-hellman-group16-sha512, diffie-hellman-group18-sha512, diffie-hellman-group-exchange-sha1, diffie-hellman-group14-sha256, diffie-hellman-group14-sha1, diffie-hellman-group1-sha1
DEB [20240318-19:59:47.150] thr=1   paramiko.transport: server key: ssh-rsa, rsa-sha2-512, rsa-sha2-256, ecdsa-sha2-nistp256, ssh-ed25519
DEB [20240318-19:59:47.150] thr=1   paramiko.transport: client encrypt: chacha20-poly1305@openssh.com, aes128-ctr, aes192-ctr, aes256-ctr, aes128-gcm@openssh.com, aes256-gcm@openssh.com, aes128-cbc, aes192-cbc, aes256-cbc, blowfish-cbc, cast128-cbc, 3des-cbc
DEB [20240318-19:59:47.150] thr=1   paramiko.transport: server encrypt: chacha20-poly1305@openssh.com, aes128-ctr, aes192-ctr, aes256-ctr, aes128-gcm@openssh.com, aes256-gcm@openssh.com, aes128-cbc, aes192-cbc, aes256-cbc, blowfish-cbc, cast128-cbc, 3des-cbc
DEB [20240318-19:59:47.150] thr=1   paramiko.transport: client mac: umac-64-etm@openssh.com, umac-128-etm@openssh.com, hmac-sha2-256-etm@openssh.com, hmac-sha2-512-etm@openssh.com, hmac-sha1-etm@openssh.com, umac-64@openssh.com, umac-128@openssh.com, hmac-sha2-256, hmac-sha2-512, hmac-sha1
DEB [20240318-19:59:47.150] thr=1   paramiko.transport: server mac: umac-64-etm@openssh.com, umac-128-etm@openssh.com, hmac-sha2-256-etm@openssh.com, hmac-sha2-512-etm@openssh.com, hmac-sha1-etm@openssh.com, umac-64@openssh.com, umac-128@openssh.com, hmac-sha2-256, hmac-sha2-512, hmac-sha1
DEB [20240318-19:59:47.150] thr=1   paramiko.transport: client compress: none, zlib@openssh.com
DEB [20240318-19:59:47.150] thr=1   paramiko.transport: server compress: none, zlib@openssh.com
DEB [20240318-19:59:47.150] thr=1   paramiko.transport: client lang: <none>
DEB [20240318-19:59:47.150] thr=1   paramiko.transport: server lang: <none>
DEB [20240318-19:59:47.150] thr=1   paramiko.transport: kex follows: False
DEB [20240318-19:59:47.150] thr=1   paramiko.transport: === Key exchange agreements ===
DEB [20240318-19:59:47.150] thr=1   paramiko.transport: Kex: curve25519-sha256@libssh.org
DEB [20240318-19:59:47.150] thr=1   paramiko.transport: HostKey: ecdsa-sha2-nistp256
DEB [20240318-19:59:47.150] thr=1   paramiko.transport: Cipher: aes128-ctr
DEB [20240318-19:59:47.150] thr=1   paramiko.transport: MAC: hmac-sha2-256
DEB [20240318-19:59:47.150] thr=1   paramiko.transport: Compression: none
DEB [20240318-19:59:47.150] thr=1   paramiko.transport: === End of kex handshake ===
DEB [20240318-19:59:47.154] thr=1   paramiko.transport: kex engine KexCurve25519 specified hash_algo <built-in function openssl_sha256>
DEB [20240318-19:59:47.154] thr=1   paramiko.transport: Switch to new keys ...
DEB [20240318-19:59:47.154] thr=1   paramiko.transport: Got EXT_INFO: {'server-sig-algs': b'rsa-sha2-256,rsa-sha2-512'}
DEB [20240318-19:59:47.195] thr=1   paramiko.transport: userauth is OK
INF [20240318-19:59:57.224] thr=1   paramiko.transport: Authentication (password) successful!
DEB [20240318-19:59:57.224] thr=2   paramiko.transport: [chan 0] Max packet in: 32768 bytes
DEB [20240318-19:59:57.229] thr=1   paramiko.transport: Received global request "hostkeys-00@openssh.com"
DEB [20240318-19:59:57.229] thr=1   paramiko.transport: Rejecting "hostkeys-00@openssh.com" global request from server.
DEB [20240318-19:59:57.276] thr=1   paramiko.transport: [chan 0] Max packet out: 32768 bytes
DEB [20240318-19:59:57.276] thr=1   paramiko.transport: Secsh channel 0 opened.
DEB [20240318-19:59:57.277] thr=1   paramiko.transport: [chan 0] Sesch channel 0 request ok
DEB [20240318-19:59:57.281] thr=1   paramiko.transport: [chan 0] EOF received (0)
DEB [20240318-19:59:57.281] thr=1   paramiko.transport: EOF in transport thread
DEB [20240318-19:59:57.287] thr=2   paramiko.transport: [chan 0] EOF sent (0)
DEB [20240318-19:59:57.287] thr=2   paramiko.transport: Dropping user packet because connection is dead.
DEB [20240318-20:01:36.446] thr=1   paramiko.transport: starting thread (client mode): 0x9f7b9f50
DEB [20240318-20:01:36.447] thr=1   paramiko.transport: Local version/idstring: SSH-2.0-paramiko_3.4.0
DEB [20240318-20:01:36.451] thr=1   paramiko.transport: Remote version/idstring: SSH-2.0-OpenSSH_7.4
INF [20240318-20:01:36.451] thr=1   paramiko.transport: Connected (version 2.0, client OpenSSH_7.4)
DEB [20240318-20:01:36.453] thr=1   paramiko.transport: === Key exchange possibilities ===
DEB [20240318-20:01:36.453] thr=1   paramiko.transport: kex algos: curve25519-sha256, curve25519-sha256@libssh.org, ecdh-sha2-nistp256, ecdh-sha2-nistp384, ecdh-sha2-nistp521, diffie-hellman-group-exchange-sha256, diffie-hellman-group16-sha512, diffie-hellman-group18-sha512, diffie-hellman-group-exchange-sha1, diffie-hellman-group14-sha256, diffie-hellman-group14-sha1, diffie-hellman-group1-sha1
DEB [20240318-20:01:36.453] thr=1   paramiko.transport: server key: ssh-rsa, rsa-sha2-512, rsa-sha2-256, ecdsa-sha2-nistp256, ssh-ed25519
DEB [20240318-20:01:36.453] thr=1   paramiko.transport: client encrypt: chacha20-poly1305@openssh.com, aes128-ctr, aes192-ctr, aes256-ctr, aes128-gcm@openssh.com, aes256-gcm@openssh.com, aes128-cbc, aes192-cbc, aes256-cbc, blowfish-cbc, cast128-cbc, 3des-cbc
DEB [20240318-20:01:36.453] thr=1   paramiko.transport: server encrypt: chacha20-poly1305@openssh.com, aes128-ctr, aes192-ctr, aes256-ctr, aes128-gcm@openssh.com, aes256-gcm@openssh.com, aes128-cbc, aes192-cbc, aes256-cbc, blowfish-cbc, cast128-cbc, 3des-cbc
DEB [20240318-20:01:36.453] thr=1   paramiko.transport: client mac: umac-64-etm@openssh.com, umac-128-etm@openssh.com, hmac-sha2-256-etm@openssh.com, hmac-sha2-512-etm@openssh.com, hmac-sha1-etm@openssh.com, umac-64@openssh.com, umac-128@openssh.com, hmac-sha2-256, hmac-sha2-512, hmac-sha1
DEB [20240318-20:01:36.453] thr=1   paramiko.transport: server mac: umac-64-etm@openssh.com, umac-128-etm@openssh.com, hmac-sha2-256-etm@openssh.com, hmac-sha2-512-etm@openssh.com, hmac-sha1-etm@openssh.com, umac-64@openssh.com, umac-128@openssh.com, hmac-sha2-256, hmac-sha2-512, hmac-sha1
DEB [20240318-20:01:36.453] thr=1   paramiko.transport: client compress: none, zlib@openssh.com
DEB [20240318-20:01:36.453] thr=1   paramiko.transport: server compress: none, zlib@openssh.com
DEB [20240318-20:01:36.453] thr=1   paramiko.transport: client lang: <none>
DEB [20240318-20:01:36.453] thr=1   paramiko.transport: server lang: <none>
DEB [20240318-20:01:36.453] thr=1   paramiko.transport: kex follows: False
DEB [20240318-20:01:36.453] thr=1   paramiko.transport: === Key exchange agreements ===
DEB [20240318-20:01:36.453] thr=1   paramiko.transport: Kex: curve25519-sha256@libssh.org
DEB [20240318-20:01:36.453] thr=1   paramiko.transport: HostKey: ecdsa-sha2-nistp256
DEB [20240318-20:01:36.453] thr=1   paramiko.transport: Cipher: aes128-ctr
DEB [20240318-20:01:36.453] thr=1   paramiko.transport: MAC: hmac-sha2-256
DEB [20240318-20:01:36.453] thr=1   paramiko.transport: Compression: none
DEB [20240318-20:01:36.453] thr=1   paramiko.transport: === End of kex handshake ===
DEB [20240318-20:01:36.459] thr=1   paramiko.transport: kex engine KexCurve25519 specified hash_algo <built-in function openssl_sha256>
DEB [20240318-20:01:36.460] thr=1   paramiko.transport: Switch to new keys ...
DEB [20240318-20:01:36.460] thr=1   paramiko.transport: Got EXT_INFO: {'server-sig-algs': b'rsa-sha2-256,rsa-sha2-512'}
DEB [20240318-20:01:36.499] thr=1   paramiko.transport: userauth is OK
INF [20240318-20:01:46.525] thr=1   paramiko.transport: Authentication (password) successful!
DEB [20240318-20:01:46.525] thr=2   paramiko.transport: [chan 0] Max packet in: 32768 bytes
DEB [20240318-20:01:46.529] thr=1   paramiko.transport: Received global request "hostkeys-00@openssh.com"
DEB [20240318-20:01:46.529] thr=1   paramiko.transport: Rejecting "hostkeys-00@openssh.com" global request from server.
DEB [20240318-20:01:46.579] thr=1   paramiko.transport: [chan 0] Max packet out: 32768 bytes
DEB [20240318-20:01:46.579] thr=1   paramiko.transport: Secsh channel 0 opened.
DEB [20240318-20:01:46.580] thr=1   paramiko.transport: [chan 0] Sesch channel 0 request ok
DEB [20240318-20:01:46.581] thr=2   paramiko.transport: [chan 1] Max packet in: 32768 bytes
DEB [20240318-20:01:46.584] thr=1   paramiko.transport: [chan 1] Max packet out: 32768 bytes
DEB [20240318-20:01:46.584] thr=1   paramiko.transport: Secsh channel 1 opened.
DEB [20240318-20:01:46.584] thr=1   paramiko.transport: [chan 0] EOF received (0)
DEB [20240318-20:01:46.584] thr=1   paramiko.transport: [chan 0] EOF sent (0)
DEB [20240318-20:01:46.584] thr=1   paramiko.transport: [chan 1] Sesch channel 1 request ok
DEB [20240318-20:01:46.586] thr=1   paramiko.transport: [chan 1] EOF received (1)
DEB [20240318-20:01:46.586] thr=1   paramiko.transport: EOF in transport thread
DEB [20240318-20:01:46.592] thr=2   paramiko.transport: [chan 1] EOF sent (1)
DEB [20240318-20:01:46.592] thr=2   paramiko.transport: Dropping user packet because connection is dead.
DEB [20240318-20:01:56.438] thr=1   paramiko.transport: starting thread (client mode): 0x610890d0
DEB [20240318-20:01:56.438] thr=1   paramiko.transport: Local version/idstring: SSH-2.0-paramiko_3.4.0
DEB [20240318-20:01:56.442] thr=1   paramiko.transport: Remote version/idstring: SSH-2.0-OpenSSH_7.4
INF [20240318-20:01:56.442] thr=1   paramiko.transport: Connected (version 2.0, client OpenSSH_7.4)
DEB [20240318-20:01:56.443] thr=1   paramiko.transport: === Key exchange possibilities ===
DEB [20240318-20:01:56.443] thr=1   paramiko.transport: kex algos: curve25519-sha256, curve25519-sha256@libssh.org, ecdh-sha2-nistp256, ecdh-sha2-nistp384, ecdh-sha2-nistp521, diffie-hellman-group-exchange-sha256, diffie-hellman-group16-sha512, diffie-hellman-group18-sha512, diffie-hellman-group-exchange-sha1, diffie-hellman-group14-sha256, diffie-hellman-group14-sha1, diffie-hellman-group1-sha1
DEB [20240318-20:01:56.443] thr=1   paramiko.transport: server key: ssh-rsa, rsa-sha2-512, rsa-sha2-256, ecdsa-sha2-nistp256, ssh-ed25519
DEB [20240318-20:01:56.443] thr=1   paramiko.transport: client encrypt: chacha20-poly1305@openssh.com, aes128-ctr, aes192-ctr, aes256-ctr, aes128-gcm@openssh.com, aes256-gcm@openssh.com, aes128-cbc, aes192-cbc, aes256-cbc, blowfish-cbc, cast128-cbc, 3des-cbc
DEB [20240318-20:01:56.443] thr=1   paramiko.transport: server encrypt: chacha20-poly1305@openssh.com, aes128-ctr, aes192-ctr, aes256-ctr, aes128-gcm@openssh.com, aes256-gcm@openssh.com, aes128-cbc, aes192-cbc, aes256-cbc, blowfish-cbc, cast128-cbc, 3des-cbc
DEB [20240318-20:01:56.443] thr=1   paramiko.transport: client mac: umac-64-etm@openssh.com, umac-128-etm@openssh.com, hmac-sha2-256-etm@openssh.com, hmac-sha2-512-etm@openssh.com, hmac-sha1-etm@openssh.com, umac-64@openssh.com, umac-128@openssh.com, hmac-sha2-256, hmac-sha2-512, hmac-sha1
DEB [20240318-20:01:56.444] thr=1   paramiko.transport: server mac: umac-64-etm@openssh.com, umac-128-etm@openssh.com, hmac-sha2-256-etm@openssh.com, hmac-sha2-512-etm@openssh.com, hmac-sha1-etm@openssh.com, umac-64@openssh.com, umac-128@openssh.com, hmac-sha2-256, hmac-sha2-512, hmac-sha1
DEB [20240318-20:01:56.444] thr=1   paramiko.transport: client compress: none, zlib@openssh.com
DEB [20240318-20:01:56.444] thr=1   paramiko.transport: server compress: none, zlib@openssh.com
DEB [20240318-20:01:56.444] thr=1   paramiko.transport: client lang: <none>
DEB [20240318-20:01:56.444] thr=1   paramiko.transport: server lang: <none>
DEB [20240318-20:01:56.444] thr=1   paramiko.transport: kex follows: False
DEB [20240318-20:01:56.444] thr=1   paramiko.transport: === Key exchange agreements ===
DEB [20240318-20:01:56.444] thr=1   paramiko.transport: Kex: curve25519-sha256@libssh.org
DEB [20240318-20:01:56.444] thr=1   paramiko.transport: HostKey: ecdsa-sha2-nistp256
DEB [20240318-20:01:56.444] thr=1   paramiko.transport: Cipher: aes128-ctr
DEB [20240318-20:01:56.444] thr=1   paramiko.transport: MAC: hmac-sha2-256
DEB [20240318-20:01:56.444] thr=1   paramiko.transport: Compression: none
DEB [20240318-20:01:56.444] thr=1   paramiko.transport: === End of kex handshake ===
DEB [20240318-20:01:56.450] thr=1   paramiko.transport: kex engine KexCurve25519 specified hash_algo <built-in function openssl_sha256>
DEB [20240318-20:01:56.450] thr=1   paramiko.transport: Switch to new keys ...
DEB [20240318-20:01:56.450] thr=1   paramiko.transport: Got EXT_INFO: {'server-sig-algs': b'rsa-sha2-256,rsa-sha2-512'}
DEB [20240318-20:01:56.491] thr=1   paramiko.transport: userauth is OK
INF [20240318-20:02:06.515] thr=1   paramiko.transport: Authentication (password) successful!
DEB [20240318-20:02:06.515] thr=2   paramiko.transport: [chan 0] Max packet in: 32768 bytes
DEB [20240318-20:02:06.518] thr=1   paramiko.transport: Received global request "hostkeys-00@openssh.com"
DEB [20240318-20:02:06.519] thr=1   paramiko.transport: Rejecting "hostkeys-00@openssh.com" global request from server.
DEB [20240318-20:02:06.569] thr=1   paramiko.transport: [chan 0] Max packet out: 32768 bytes
DEB [20240318-20:02:06.570] thr=1   paramiko.transport: Secsh channel 0 opened.
DEB [20240318-20:02:06.571] thr=1   paramiko.transport: [chan 0] Sesch channel 0 request ok
DEB [20240318-20:02:06.573] thr=1   paramiko.transport: [chan 0] EOF received (0)
DEB [20240318-20:02:06.573] thr=1   paramiko.transport: EOF in transport thread
DEB [20240318-20:02:06.578] thr=2   paramiko.transport: [chan 0] EOF sent (0)
DEB [20240318-20:02:06.578] thr=2   paramiko.transport: Dropping user packet because connection is dead.
DEB [20240318-20:02:27.729] thr=1   paramiko.transport: starting thread (client mode): 0xaed590d0
DEB [20240318-20:02:27.729] thr=1   paramiko.transport: Local version/idstring: SSH-2.0-paramiko_3.4.0
DEB [20240318-20:02:27.735] thr=1   paramiko.transport: Remote version/idstring: SSH-2.0-OpenSSH_7.4
INF [20240318-20:02:27.735] thr=1   paramiko.transport: Connected (version 2.0, client OpenSSH_7.4)
DEB [20240318-20:02:27.736] thr=1   paramiko.transport: === Key exchange possibilities ===
DEB [20240318-20:02:27.736] thr=1   paramiko.transport: kex algos: curve25519-sha256, curve25519-sha256@libssh.org, ecdh-sha2-nistp256, ecdh-sha2-nistp384, ecdh-sha2-nistp521, diffie-hellman-group-exchange-sha256, diffie-hellman-group16-sha512, diffie-hellman-group18-sha512, diffie-hellman-group-exchange-sha1, diffie-hellman-group14-sha256, diffie-hellman-group14-sha1, diffie-hellman-group1-sha1
DEB [20240318-20:02:27.737] thr=1   paramiko.transport: server key: ssh-rsa, rsa-sha2-512, rsa-sha2-256, ecdsa-sha2-nistp256, ssh-ed25519
DEB [20240318-20:02:27.737] thr=1   paramiko.transport: client encrypt: chacha20-poly1305@openssh.com, aes128-ctr, aes192-ctr, aes256-ctr, aes128-gcm@openssh.com, aes256-gcm@openssh.com, aes128-cbc, aes192-cbc, aes256-cbc, blowfish-cbc, cast128-cbc, 3des-cbc
DEB [20240318-20:02:27.737] thr=1   paramiko.transport: server encrypt: chacha20-poly1305@openssh.com, aes128-ctr, aes192-ctr, aes256-ctr, aes128-gcm@openssh.com, aes256-gcm@openssh.com, aes128-cbc, aes192-cbc, aes256-cbc, blowfish-cbc, cast128-cbc, 3des-cbc
DEB [20240318-20:02:27.737] thr=1   paramiko.transport: client mac: umac-64-etm@openssh.com, umac-128-etm@openssh.com, hmac-sha2-256-etm@openssh.com, hmac-sha2-512-etm@openssh.com, hmac-sha1-etm@openssh.com, umac-64@openssh.com, umac-128@openssh.com, hmac-sha2-256, hmac-sha2-512, hmac-sha1
DEB [20240318-20:02:27.737] thr=1   paramiko.transport: server mac: umac-64-etm@openssh.com, umac-128-etm@openssh.com, hmac-sha2-256-etm@openssh.com, hmac-sha2-512-etm@openssh.com, hmac-sha1-etm@openssh.com, umac-64@openssh.com, umac-128@openssh.com, hmac-sha2-256, hmac-sha2-512, hmac-sha1
DEB [20240318-20:02:27.737] thr=1   paramiko.transport: client compress: none, zlib@openssh.com
DEB [20240318-20:02:27.737] thr=1   paramiko.transport: server compress: none, zlib@openssh.com
DEB [20240318-20:02:27.737] thr=1   paramiko.transport: client lang: <none>
DEB [20240318-20:02:27.737] thr=1   paramiko.transport: server lang: <none>
DEB [20240318-20:02:27.737] thr=1   paramiko.transport: kex follows: False
DEB [20240318-20:02:27.737] thr=1   paramiko.transport: === Key exchange agreements ===
DEB [20240318-20:02:27.737] thr=1   paramiko.transport: Kex: curve25519-sha256@libssh.org
DEB [20240318-20:02:27.737] thr=1   paramiko.transport: HostKey: ecdsa-sha2-nistp256
DEB [20240318-20:02:27.737] thr=1   paramiko.transport: Cipher: aes128-ctr
DEB [20240318-20:02:27.737] thr=1   paramiko.transport: MAC: hmac-sha2-256
DEB [20240318-20:02:27.737] thr=1   paramiko.transport: Compression: none
DEB [20240318-20:02:27.737] thr=1   paramiko.transport: === End of kex handshake ===
DEB [20240318-20:02:27.741] thr=1   paramiko.transport: kex engine KexCurve25519 specified hash_algo <built-in function openssl_sha256>
DEB [20240318-20:02:27.742] thr=1   paramiko.transport: Switch to new keys ...
DEB [20240318-20:02:27.742] thr=1   paramiko.transport: Got EXT_INFO: {'server-sig-algs': b'rsa-sha2-256,rsa-sha2-512'}
DEB [20240318-20:02:27.781] thr=1   paramiko.transport: userauth is OK
INF [20240318-20:02:37.806] thr=1   paramiko.transport: Authentication (password) successful!
DEB [20240318-20:02:37.806] thr=2   paramiko.transport: [chan 0] Max packet in: 32768 bytes
DEB [20240318-20:02:37.811] thr=1   paramiko.transport: Received global request "hostkeys-00@openssh.com"
DEB [20240318-20:02:37.811] thr=1   paramiko.transport: Rejecting "hostkeys-00@openssh.com" global request from server.
DEB [20240318-20:02:37.853] thr=1   paramiko.transport: [chan 0] Max packet out: 32768 bytes
DEB [20240318-20:02:37.853] thr=1   paramiko.transport: Secsh channel 0 opened.
DEB [20240318-20:02:37.854] thr=1   paramiko.transport: [chan 0] Sesch channel 0 request ok
DEB [20240318-20:02:37.856] thr=1   paramiko.transport: [chan 0] EOF received (0)
DEB [20240318-20:02:37.862] thr=2   paramiko.transport: [chan 0] EOF sent (0)
DEB [20240318-20:02:37.862] thr=2   paramiko.transport: Dropping user packet because connection is dead.
DEB [20240318-20:03:14.412] thr=1   paramiko.transport: starting thread (client mode): 0xa14690d0
DEB [20240318-20:03:14.412] thr=1   paramiko.transport: Local version/idstring: SSH-2.0-paramiko_3.4.0
DEB [20240318-20:03:14.422] thr=1   paramiko.transport: Remote version/idstring: SSH-2.0-OpenSSH_7.4
INF [20240318-20:03:14.422] thr=1   paramiko.transport: Connected (version 2.0, client OpenSSH_7.4)
DEB [20240318-20:03:14.423] thr=1   paramiko.transport: === Key exchange possibilities ===
DEB [20240318-20:03:14.423] thr=1   paramiko.transport: kex algos: curve25519-sha256, curve25519-sha256@libssh.org, ecdh-sha2-nistp256, ecdh-sha2-nistp384, ecdh-sha2-nistp521, diffie-hellman-group-exchange-sha256, diffie-hellman-group16-sha512, diffie-hellman-group18-sha512, diffie-hellman-group-exchange-sha1, diffie-hellman-group14-sha256, diffie-hellman-group14-sha1, diffie-hellman-group1-sha1
DEB [20240318-20:03:14.423] thr=1   paramiko.transport: server key: ssh-rsa, rsa-sha2-512, rsa-sha2-256, ecdsa-sha2-nistp256, ssh-ed25519
DEB [20240318-20:03:14.423] thr=1   paramiko.transport: client encrypt: chacha20-poly1305@openssh.com, aes128-ctr, aes192-ctr, aes256-ctr, aes128-gcm@openssh.com, aes256-gcm@openssh.com, aes128-cbc, aes192-cbc, aes256-cbc, blowfish-cbc, cast128-cbc, 3des-cbc
DEB [20240318-20:03:14.423] thr=1   paramiko.transport: server encrypt: chacha20-poly1305@openssh.com, aes128-ctr, aes192-ctr, aes256-ctr, aes128-gcm@openssh.com, aes256-gcm@openssh.com, aes128-cbc, aes192-cbc, aes256-cbc, blowfish-cbc, cast128-cbc, 3des-cbc
DEB [20240318-20:03:14.424] thr=1   paramiko.transport: client mac: umac-64-etm@openssh.com, umac-128-etm@openssh.com, hmac-sha2-256-etm@openssh.com, hmac-sha2-512-etm@openssh.com, hmac-sha1-etm@openssh.com, umac-64@openssh.com, umac-128@openssh.com, hmac-sha2-256, hmac-sha2-512, hmac-sha1
DEB [20240318-20:03:14.424] thr=1   paramiko.transport: server mac: umac-64-etm@openssh.com, umac-128-etm@openssh.com, hmac-sha2-256-etm@openssh.com, hmac-sha2-512-etm@openssh.com, hmac-sha1-etm@openssh.com, umac-64@openssh.com, umac-128@openssh.com, hmac-sha2-256, hmac-sha2-512, hmac-sha1
DEB [20240318-20:03:14.424] thr=1   paramiko.transport: client compress: none, zlib@openssh.com
DEB [20240318-20:03:14.424] thr=1   paramiko.transport: server compress: none, zlib@openssh.com
DEB [20240318-20:03:14.424] thr=1   paramiko.transport: client lang: <none>
DEB [20240318-20:03:14.424] thr=1   paramiko.transport: server lang: <none>
DEB [20240318-20:03:14.424] thr=1   paramiko.transport: kex follows: False
DEB [20240318-20:03:14.424] thr=1   paramiko.transport: === Key exchange agreements ===
DEB [20240318-20:03:14.424] thr=1   paramiko.transport: Kex: curve25519-sha256@libssh.org
DEB [20240318-20:03:14.424] thr=1   paramiko.transport: HostKey: ecdsa-sha2-nistp256
DEB [20240318-20:03:14.424] thr=1   paramiko.transport: Cipher: aes128-ctr
DEB [20240318-20:03:14.424] thr=1   paramiko.transport: MAC: hmac-sha2-256
DEB [20240318-20:03:14.424] thr=1   paramiko.transport: Compression: none
DEB [20240318-20:03:14.424] thr=1   paramiko.transport: === End of kex handshake ===
DEB [20240318-20:03:14.428] thr=1   paramiko.transport: kex engine KexCurve25519 specified hash_algo <built-in function openssl_sha256>
DEB [20240318-20:03:14.428] thr=1   paramiko.transport: Switch to new keys ...
DEB [20240318-20:03:14.428] thr=1   paramiko.transport: Got EXT_INFO: {'server-sig-algs': b'rsa-sha2-256,rsa-sha2-512'}
DEB [20240318-20:03:14.469] thr=1   paramiko.transport: userauth is OK
INF [20240318-20:03:24.498] thr=1   paramiko.transport: Authentication (password) successful!
DEB [20240318-20:03:24.498] thr=2   paramiko.transport: [chan 0] Max packet in: 32768 bytes
DEB [20240318-20:03:24.503] thr=1   paramiko.transport: Received global request "hostkeys-00@openssh.com"
DEB [20240318-20:03:24.503] thr=1   paramiko.transport: Rejecting "hostkeys-00@openssh.com" global request from server.
DEB [20240318-20:03:24.544] thr=1   paramiko.transport: [chan 0] Max packet out: 32768 bytes
DEB [20240318-20:03:24.545] thr=1   paramiko.transport: Secsh channel 0 opened.
DEB [20240318-20:03:24.545] thr=1   paramiko.transport: [chan 0] Sesch channel 0 request ok
DEB [20240318-20:03:24.549] thr=1   paramiko.transport: [chan 0] EOF received (0)
DEB [20240318-20:03:24.549] thr=1   paramiko.transport: EOF in transport thread
DEB [20240318-20:03:24.554] thr=2   paramiko.transport: [chan 0] EOF sent (0)
DEB [20240318-20:03:24.554] thr=2   paramiko.transport: Dropping user packet because connection is dead.
DEB [20240318-20:03:30.438] thr=1   paramiko.transport: starting thread (client mode): 0xccf990d0
DEB [20240318-20:03:30.439] thr=1   paramiko.transport: Local version/idstring: SSH-2.0-paramiko_3.4.0
DEB [20240318-20:03:30.443] thr=1   paramiko.transport: Remote version/idstring: SSH-2.0-OpenSSH_7.4
INF [20240318-20:03:30.443] thr=1   paramiko.transport: Connected (version 2.0, client OpenSSH_7.4)
DEB [20240318-20:03:30.444] thr=1   paramiko.transport: === Key exchange possibilities ===
DEB [20240318-20:03:30.444] thr=1   paramiko.transport: kex algos: curve25519-sha256, curve25519-sha256@libssh.org, ecdh-sha2-nistp256, ecdh-sha2-nistp384, ecdh-sha2-nistp521, diffie-hellman-group-exchange-sha256, diffie-hellman-group16-sha512, diffie-hellman-group18-sha512, diffie-hellman-group-exchange-sha1, diffie-hellman-group14-sha256, diffie-hellman-group14-sha1, diffie-hellman-group1-sha1
DEB [20240318-20:03:30.444] thr=1   paramiko.transport: server key: ssh-rsa, rsa-sha2-512, rsa-sha2-256, ecdsa-sha2-nistp256, ssh-ed25519
DEB [20240318-20:03:30.444] thr=1   paramiko.transport: client encrypt: chacha20-poly1305@openssh.com, aes128-ctr, aes192-ctr, aes256-ctr, aes128-gcm@openssh.com, aes256-gcm@openssh.com, aes128-cbc, aes192-cbc, aes256-cbc, blowfish-cbc, cast128-cbc, 3des-cbc
DEB [20240318-20:03:30.444] thr=1   paramiko.transport: server encrypt: chacha20-poly1305@openssh.com, aes128-ctr, aes192-ctr, aes256-ctr, aes128-gcm@openssh.com, aes256-gcm@openssh.com, aes128-cbc, aes192-cbc, aes256-cbc, blowfish-cbc, cast128-cbc, 3des-cbc
DEB [20240318-20:03:30.444] thr=1   paramiko.transport: client mac: umac-64-etm@openssh.com, umac-128-etm@openssh.com, hmac-sha2-256-etm@openssh.com, hmac-sha2-512-etm@openssh.com, hmac-sha1-etm@openssh.com, umac-64@openssh.com, umac-128@openssh.com, hmac-sha2-256, hmac-sha2-512, hmac-sha1
DEB [20240318-20:03:30.444] thr=1   paramiko.transport: server mac: umac-64-etm@openssh.com, umac-128-etm@openssh.com, hmac-sha2-256-etm@openssh.com, hmac-sha2-512-etm@openssh.com, hmac-sha1-etm@openssh.com, umac-64@openssh.com, umac-128@openssh.com, hmac-sha2-256, hmac-sha2-512, hmac-sha1
DEB [20240318-20:03:30.445] thr=1   paramiko.transport: client compress: none, zlib@openssh.com
DEB [20240318-20:03:30.445] thr=1   paramiko.transport: server compress: none, zlib@openssh.com
DEB [20240318-20:03:30.445] thr=1   paramiko.transport: client lang: <none>
DEB [20240318-20:03:30.445] thr=1   paramiko.transport: server lang: <none>
DEB [20240318-20:03:30.445] thr=1   paramiko.transport: kex follows: False
DEB [20240318-20:03:30.445] thr=1   paramiko.transport: === Key exchange agreements ===
DEB [20240318-20:03:30.445] thr=1   paramiko.transport: Kex: curve25519-sha256@libssh.org
DEB [20240318-20:03:30.445] thr=1   paramiko.transport: HostKey: ecdsa-sha2-nistp256
DEB [20240318-20:03:30.445] thr=1   paramiko.transport: Cipher: aes128-ctr
DEB [20240318-20:03:30.445] thr=1   paramiko.transport: MAC: hmac-sha2-256
DEB [20240318-20:03:30.445] thr=1   paramiko.transport: Compression: none
DEB [20240318-20:03:30.445] thr=1   paramiko.transport: === End of kex handshake ===
DEB [20240318-20:03:30.448] thr=1   paramiko.transport: kex engine KexCurve25519 specified hash_algo <built-in function openssl_sha256>
DEB [20240318-20:03:30.449] thr=1   paramiko.transport: Switch to new keys ...
DEB [20240318-20:03:30.449] thr=1   paramiko.transport: Got EXT_INFO: {'server-sig-algs': b'rsa-sha2-256,rsa-sha2-512'}
DEB [20240318-20:03:30.501] thr=1   paramiko.transport: userauth is OK
INF [20240318-20:03:40.530] thr=1   paramiko.transport: Authentication (password) successful!
DEB [20240318-20:03:40.530] thr=2   paramiko.transport: [chan 0] Max packet in: 32768 bytes
DEB [20240318-20:03:40.534] thr=1   paramiko.transport: Received global request "hostkeys-00@openssh.com"
DEB [20240318-20:03:40.534] thr=1   paramiko.transport: Rejecting "hostkeys-00@openssh.com" global request from server.
DEB [20240318-20:03:40.590] thr=1   paramiko.transport: [chan 0] Max packet out: 32768 bytes
DEB [20240318-20:03:40.590] thr=1   paramiko.transport: Secsh channel 0 opened.
DEB [20240318-20:03:40.591] thr=1   paramiko.transport: [chan 0] Sesch channel 0 request ok
DEB [20240318-20:03:40.602] thr=1   paramiko.transport: [chan 0] EOF received (0)
DEB [20240318-20:03:40.602] thr=1   paramiko.transport: EOF in transport thread
DEB [20240318-20:03:40.607] thr=2   paramiko.transport: [chan 0] EOF sent (0)
DEB [20240318-20:03:40.608] thr=2   paramiko.transport: Dropping user packet because connection is dead.
DEB [20240318-20:03:48.332] thr=1   paramiko.transport: starting thread (client mode): 0x66a79f50
DEB [20240318-20:03:48.332] thr=1   paramiko.transport: Local version/idstring: SSH-2.0-paramiko_3.4.0
DEB [20240318-20:03:48.337] thr=1   paramiko.transport: Remote version/idstring: SSH-2.0-OpenSSH_7.4
INF [20240318-20:03:48.337] thr=1   paramiko.transport: Connected (version 2.0, client OpenSSH_7.4)
DEB [20240318-20:03:48.339] thr=1   paramiko.transport: === Key exchange possibilities ===
DEB [20240318-20:03:48.339] thr=1   paramiko.transport: kex algos: curve25519-sha256, curve25519-sha256@libssh.org, ecdh-sha2-nistp256, ecdh-sha2-nistp384, ecdh-sha2-nistp521, diffie-hellman-group-exchange-sha256, diffie-hellman-group16-sha512, diffie-hellman-group18-sha512, diffie-hellman-group-exchange-sha1, diffie-hellman-group14-sha256, diffie-hellman-group14-sha1, diffie-hellman-group1-sha1
DEB [20240318-20:03:48.339] thr=1   paramiko.transport: server key: ssh-rsa, rsa-sha2-512, rsa-sha2-256, ecdsa-sha2-nistp256, ssh-ed25519
DEB [20240318-20:03:48.339] thr=1   paramiko.transport: client encrypt: chacha20-poly1305@openssh.com, aes128-ctr, aes192-ctr, aes256-ctr, aes128-gcm@openssh.com, aes256-gcm@openssh.com, aes128-cbc, aes192-cbc, aes256-cbc, blowfish-cbc, cast128-cbc, 3des-cbc
DEB [20240318-20:03:48.339] thr=1   paramiko.transport: server encrypt: chacha20-poly1305@openssh.com, aes128-ctr, aes192-ctr, aes256-ctr, aes128-gcm@openssh.com, aes256-gcm@openssh.com, aes128-cbc, aes192-cbc, aes256-cbc, blowfish-cbc, cast128-cbc, 3des-cbc
DEB [20240318-20:03:48.339] thr=1   paramiko.transport: client mac: umac-64-etm@openssh.com, umac-128-etm@openssh.com, hmac-sha2-256-etm@openssh.com, hmac-sha2-512-etm@openssh.com, hmac-sha1-etm@openssh.com, umac-64@openssh.com, umac-128@openssh.com, hmac-sha2-256, hmac-sha2-512, hmac-sha1
DEB [20240318-20:03:48.339] thr=1   paramiko.transport: server mac: umac-64-etm@openssh.com, umac-128-etm@openssh.com, hmac-sha2-256-etm@openssh.com, hmac-sha2-512-etm@openssh.com, hmac-sha1-etm@openssh.com, umac-64@openssh.com, umac-128@openssh.com, hmac-sha2-256, hmac-sha2-512, hmac-sha1
DEB [20240318-20:03:48.339] thr=1   paramiko.transport: client compress: none, zlib@openssh.com
DEB [20240318-20:03:48.339] thr=1   paramiko.transport: server compress: none, zlib@openssh.com
DEB [20240318-20:03:48.339] thr=1   paramiko.transport: client lang: <none>
DEB [20240318-20:03:48.339] thr=1   paramiko.transport: server lang: <none>
DEB [20240318-20:03:48.339] thr=1   paramiko.transport: kex follows: False
DEB [20240318-20:03:48.339] thr=1   paramiko.transport: === Key exchange agreements ===
DEB [20240318-20:03:48.339] thr=1   paramiko.transport: Kex: curve25519-sha256@libssh.org
DEB [20240318-20:03:48.339] thr=1   paramiko.transport: HostKey: ecdsa-sha2-nistp256
DEB [20240318-20:03:48.339] thr=1   paramiko.transport: Cipher: aes128-ctr
DEB [20240318-20:03:48.339] thr=1   paramiko.transport: MAC: hmac-sha2-256
DEB [20240318-20:03:48.339] thr=1   paramiko.transport: Compression: none
DEB [20240318-20:03:48.339] thr=1   paramiko.transport: === End of kex handshake ===
DEB [20240318-20:03:48.343] thr=1   paramiko.transport: kex engine KexCurve25519 specified hash_algo <built-in function openssl_sha256>
DEB [20240318-20:03:48.343] thr=1   paramiko.transport: Switch to new keys ...
DEB [20240318-20:03:48.343] thr=1   paramiko.transport: Got EXT_INFO: {'server-sig-algs': b'rsa-sha2-256,rsa-sha2-512'}
DEB [20240318-20:03:48.383] thr=1   paramiko.transport: userauth is OK
INF [20240318-20:03:58.406] thr=1   paramiko.transport: Authentication (password) successful!
DEB [20240318-20:03:58.406] thr=2   paramiko.transport: [chan 0] Max packet in: 32768 bytes
DEB [20240318-20:03:58.411] thr=1   paramiko.transport: Received global request "hostkeys-00@openssh.com"
DEB [20240318-20:03:58.411] thr=1   paramiko.transport: Rejecting "hostkeys-00@openssh.com" global request from server.
DEB [20240318-20:03:58.462] thr=1   paramiko.transport: [chan 0] Max packet out: 32768 bytes
DEB [20240318-20:03:58.462] thr=1   paramiko.transport: Secsh channel 0 opened.
DEB [20240318-20:03:58.463] thr=1   paramiko.transport: [chan 0] Sesch channel 0 request ok
DEB [20240318-20:03:58.464] thr=2   paramiko.transport: [chan 1] Max packet in: 32768 bytes
DEB [20240318-20:03:58.466] thr=1   paramiko.transport: [chan 1] Max packet out: 32768 bytes
DEB [20240318-20:03:58.466] thr=1   paramiko.transport: Secsh channel 1 opened.
DEB [20240318-20:03:58.469] thr=1   paramiko.transport: [chan 1] Sesch channel 1 request ok
DEB [20240318-20:03:58.469] thr=2   paramiko.transport: [chan 0] EOF sent (0)
DEB [20240318-20:03:58.469] thr=1   paramiko.transport: [chan 0] EOF received (0)
DEB [20240318-20:03:58.471] thr=1   paramiko.transport: [chan 1] EOF received (1)
DEB [20240318-20:03:58.471] thr=1   paramiko.transport: EOF in transport thread
DEB [20240318-20:03:58.477] thr=2   paramiko.transport: [chan 1] EOF sent (1)
DEB [20240318-20:03:58.477] thr=2   paramiko.transport: Dropping user packet because connection is dead.
DEB [20240318-20:04:28.556] thr=1   paramiko.transport: starting thread (client mode): 0xdd981c50
DEB [20240318-20:04:28.557] thr=1   paramiko.transport: Local version/idstring: SSH-2.0-paramiko_3.4.0
DEB [20240318-20:04:28.561] thr=1   paramiko.transport: Remote version/idstring: SSH-2.0-OpenSSH_7.4
INF [20240318-20:04:28.561] thr=1   paramiko.transport: Connected (version 2.0, client OpenSSH_7.4)
DEB [20240318-20:04:28.562] thr=1   paramiko.transport: === Key exchange possibilities ===
DEB [20240318-20:04:28.562] thr=1   paramiko.transport: kex algos: curve25519-sha256, curve25519-sha256@libssh.org, ecdh-sha2-nistp256, ecdh-sha2-nistp384, ecdh-sha2-nistp521, diffie-hellman-group-exchange-sha256, diffie-hellman-group16-sha512, diffie-hellman-group18-sha512, diffie-hellman-group-exchange-sha1, diffie-hellman-group14-sha256, diffie-hellman-group14-sha1, diffie-hellman-group1-sha1
DEB [20240318-20:04:28.562] thr=1   paramiko.transport: server key: ssh-rsa, rsa-sha2-512, rsa-sha2-256, ecdsa-sha2-nistp256, ssh-ed25519
DEB [20240318-20:04:28.562] thr=1   paramiko.transport: client encrypt: chacha20-poly1305@openssh.com, aes128-ctr, aes192-ctr, aes256-ctr, aes128-gcm@openssh.com, aes256-gcm@openssh.com, aes128-cbc, aes192-cbc, aes256-cbc, blowfish-cbc, cast128-cbc, 3des-cbc
DEB [20240318-20:04:28.562] thr=1   paramiko.transport: server encrypt: chacha20-poly1305@openssh.com, aes128-ctr, aes192-ctr, aes256-ctr, aes128-gcm@openssh.com, aes256-gcm@openssh.com, aes128-cbc, aes192-cbc, aes256-cbc, blowfish-cbc, cast128-cbc, 3des-cbc
DEB [20240318-20:04:28.562] thr=1   paramiko.transport: client mac: umac-64-etm@openssh.com, umac-128-etm@openssh.com, hmac-sha2-256-etm@openssh.com, hmac-sha2-512-etm@openssh.com, hmac-sha1-etm@openssh.com, umac-64@openssh.com, umac-128@openssh.com, hmac-sha2-256, hmac-sha2-512, hmac-sha1
DEB [20240318-20:04:28.562] thr=1   paramiko.transport: server mac: umac-64-etm@openssh.com, umac-128-etm@openssh.com, hmac-sha2-256-etm@openssh.com, hmac-sha2-512-etm@openssh.com, hmac-sha1-etm@openssh.com, umac-64@openssh.com, umac-128@openssh.com, hmac-sha2-256, hmac-sha2-512, hmac-sha1
DEB [20240318-20:04:28.562] thr=1   paramiko.transport: client compress: none, zlib@openssh.com
DEB [20240318-20:04:28.562] thr=1   paramiko.transport: server compress: none, zlib@openssh.com
DEB [20240318-20:04:28.562] thr=1   paramiko.transport: client lang: <none>
DEB [20240318-20:04:28.562] thr=1   paramiko.transport: server lang: <none>
DEB [20240318-20:04:28.562] thr=1   paramiko.transport: kex follows: False
DEB [20240318-20:04:28.562] thr=1   paramiko.transport: === Key exchange agreements ===
DEB [20240318-20:04:28.562] thr=1   paramiko.transport: Kex: curve25519-sha256@libssh.org
DEB [20240318-20:04:28.563] thr=1   paramiko.transport: HostKey: ecdsa-sha2-nistp256
DEB [20240318-20:04:28.563] thr=1   paramiko.transport: Cipher: aes128-ctr
DEB [20240318-20:04:28.563] thr=1   paramiko.transport: MAC: hmac-sha2-256
DEB [20240318-20:04:28.563] thr=1   paramiko.transport: Compression: none
DEB [20240318-20:04:28.563] thr=1   paramiko.transport: === End of kex handshake ===
DEB [20240318-20:04:28.566] thr=1   paramiko.transport: kex engine KexCurve25519 specified hash_algo <built-in function openssl_sha256>
DEB [20240318-20:04:28.566] thr=1   paramiko.transport: Switch to new keys ...
DEB [20240318-20:04:28.567] thr=1   paramiko.transport: Got EXT_INFO: {'server-sig-algs': b'rsa-sha2-256,rsa-sha2-512'}
DEB [20240318-20:04:28.607] thr=1   paramiko.transport: userauth is OK
INF [20240318-20:04:38.629] thr=1   paramiko.transport: Authentication (password) successful!
DEB [20240318-20:04:38.629] thr=2   paramiko.transport: [chan 0] Max packet in: 32768 bytes
DEB [20240318-20:04:38.633] thr=1   paramiko.transport: Received global request "hostkeys-00@openssh.com"
DEB [20240318-20:04:38.633] thr=1   paramiko.transport: Rejecting "hostkeys-00@openssh.com" global request from server.
DEB [20240318-20:04:38.681] thr=1   paramiko.transport: [chan 0] Max packet out: 32768 bytes
DEB [20240318-20:04:38.681] thr=1   paramiko.transport: Secsh channel 0 opened.
DEB [20240318-20:04:38.682] thr=1   paramiko.transport: [chan 0] Sesch channel 0 request ok
DEB [20240318-20:04:38.682] thr=2   paramiko.transport: [chan 1] Max packet in: 32768 bytes
DEB [20240318-20:04:38.685] thr=1   paramiko.transport: [chan 1] Max packet out: 32768 bytes
DEB [20240318-20:04:38.685] thr=1   paramiko.transport: Secsh channel 1 opened.
DEB [20240318-20:04:38.685] thr=1   paramiko.transport: [chan 0] EOF received (0)
DEB [20240318-20:04:38.685] thr=1   paramiko.transport: [chan 0] EOF sent (0)
DEB [20240318-20:04:38.685] thr=1   paramiko.transport: [chan 1] Sesch channel 1 request ok
DEB [20240318-20:04:38.688] thr=1   paramiko.transport: [chan 1] EOF received (1)
DEB [20240318-20:04:38.688] thr=1   paramiko.transport: [chan 1] EOF sent (1)
DEB [20240318-20:04:38.688] thr=1   paramiko.transport: Dropping user packet because connection is dead.
DEB [20240318-20:04:53.664] thr=1   paramiko.transport: starting thread (client mode): 0xb36f90d0
DEB [20240318-20:04:53.664] thr=1   paramiko.transport: Local version/idstring: SSH-2.0-paramiko_3.4.0
DEB [20240318-20:04:53.669] thr=1   paramiko.transport: Remote version/idstring: SSH-2.0-OpenSSH_7.4
INF [20240318-20:04:53.669] thr=1   paramiko.transport: Connected (version 2.0, client OpenSSH_7.4)
DEB [20240318-20:04:53.670] thr=1   paramiko.transport: === Key exchange possibilities ===
DEB [20240318-20:04:53.670] thr=1   paramiko.transport: kex algos: curve25519-sha256, curve25519-sha256@libssh.org, ecdh-sha2-nistp256, ecdh-sha2-nistp384, ecdh-sha2-nistp521, diffie-hellman-group-exchange-sha256, diffie-hellman-group16-sha512, diffie-hellman-group18-sha512, diffie-hellman-group-exchange-sha1, diffie-hellman-group14-sha256, diffie-hellman-group14-sha1, diffie-hellman-group1-sha1
DEB [20240318-20:04:53.670] thr=1   paramiko.transport: server key: ssh-rsa, rsa-sha2-512, rsa-sha2-256, ecdsa-sha2-nistp256, ssh-ed25519
DEB [20240318-20:04:53.670] thr=1   paramiko.transport: client encrypt: chacha20-poly1305@openssh.com, aes128-ctr, aes192-ctr, aes256-ctr, aes128-gcm@openssh.com, aes256-gcm@openssh.com, aes128-cbc, aes192-cbc, aes256-cbc, blowfish-cbc, cast128-cbc, 3des-cbc
DEB [20240318-20:04:53.670] thr=1   paramiko.transport: server encrypt: chacha20-poly1305@openssh.com, aes128-ctr, aes192-ctr, aes256-ctr, aes128-gcm@openssh.com, aes256-gcm@openssh.com, aes128-cbc, aes192-cbc, aes256-cbc, blowfish-cbc, cast128-cbc, 3des-cbc
DEB [20240318-20:04:53.671] thr=1   paramiko.transport: client mac: umac-64-etm@openssh.com, umac-128-etm@openssh.com, hmac-sha2-256-etm@openssh.com, hmac-sha2-512-etm@openssh.com, hmac-sha1-etm@openssh.com, umac-64@openssh.com, umac-128@openssh.com, hmac-sha2-256, hmac-sha2-512, hmac-sha1
DEB [20240318-20:04:53.671] thr=1   paramiko.transport: server mac: umac-64-etm@openssh.com, umac-128-etm@openssh.com, hmac-sha2-256-etm@openssh.com, hmac-sha2-512-etm@openssh.com, hmac-sha1-etm@openssh.com, umac-64@openssh.com, umac-128@openssh.com, hmac-sha2-256, hmac-sha2-512, hmac-sha1
DEB [20240318-20:04:53.671] thr=1   paramiko.transport: client compress: none, zlib@openssh.com
DEB [20240318-20:04:53.671] thr=1   paramiko.transport: server compress: none, zlib@openssh.com
DEB [20240318-20:04:53.671] thr=1   paramiko.transport: client lang: <none>
DEB [20240318-20:04:53.671] thr=1   paramiko.transport: server lang: <none>
DEB [20240318-20:04:53.671] thr=1   paramiko.transport: kex follows: False
DEB [20240318-20:04:53.671] thr=1   paramiko.transport: === Key exchange agreements ===
DEB [20240318-20:04:53.671] thr=1   paramiko.transport: Kex: curve25519-sha256@libssh.org
DEB [20240318-20:04:53.671] thr=1   paramiko.transport: HostKey: ecdsa-sha2-nistp256
DEB [20240318-20:04:53.671] thr=1   paramiko.transport: Cipher: aes128-ctr
DEB [20240318-20:04:53.671] thr=1   paramiko.transport: MAC: hmac-sha2-256
DEB [20240318-20:04:53.671] thr=1   paramiko.transport: Compression: none
DEB [20240318-20:04:53.671] thr=1   paramiko.transport: === End of kex handshake ===
DEB [20240318-20:04:53.677] thr=1   paramiko.transport: kex engine KexCurve25519 specified hash_algo <built-in function openssl_sha256>
DEB [20240318-20:04:53.678] thr=1   paramiko.transport: Switch to new keys ...
DEB [20240318-20:04:53.678] thr=1   paramiko.transport: Got EXT_INFO: {'server-sig-algs': b'rsa-sha2-256,rsa-sha2-512'}
DEB [20240318-20:04:53.717] thr=1   paramiko.transport: userauth is OK
INF [20240318-20:05:03.744] thr=1   paramiko.transport: Authentication (password) successful!
DEB [20240318-20:05:03.744] thr=2   paramiko.transport: [chan 0] Max packet in: 32768 bytes
DEB [20240318-20:05:03.749] thr=1   paramiko.transport: Received global request "hostkeys-00@openssh.com"
DEB [20240318-20:05:03.749] thr=1   paramiko.transport: Rejecting "hostkeys-00@openssh.com" global request from server.
DEB [20240318-20:05:03.796] thr=1   paramiko.transport: [chan 0] Max packet out: 32768 bytes
DEB [20240318-20:05:03.796] thr=1   paramiko.transport: Secsh channel 0 opened.
DEB [20240318-20:05:03.799] thr=1   paramiko.transport: [chan 0] Sesch channel 0 request ok
DEB [20240318-20:05:03.803] thr=1   paramiko.transport: [chan 0] EOF received (0)
DEB [20240318-20:05:03.803] thr=1   paramiko.transport: EOF in transport thread
DEB [20240318-20:05:03.808] thr=2   paramiko.transport: [chan 0] EOF sent (0)
DEB [20240318-20:05:03.808] thr=2   paramiko.transport: Dropping user packet because connection is dead.
